[2025-08-11T02:32:53.0165091] INICIO DEL SISTEMA
[2025-08-11T02:32:55.9901367] CARGA INICIAL COMPLETADA
[2025-08-11T02:32:55.998138] 
===== ARBOL DE CIUDADES =====
[2025-08-11T02:32:55.998138] [Buenos Aires (1000), La Plata (1900), Rosario (2000), San Nicolás (2900), Santa Fe (3000), Paraná (3100), Posadas (3300), Corrientes (3400), Resistencia (3500), Formosa (3600), San Miguel de Tucumán (4000), Santiago del Estero (4200), Salta (4400), San Salvador de Jujuy (4600), Catamarca (4700), Córdoba (5000), La Rioja (5300), San Juan (5400), Mendoza (5500), San Rafael (5600), San Luis (5700), Tandil (7000), Mar del Plata (7600), Bahía Blanca (8000), Neuquén (8300), Cipolletti (8324), Viedma (8500), Comodoro Rivadavia (9000), Río Gallegos (9400), Ushuaia (9410)]
[2025-08-11T02:32:55.998138] ==================================================
[2025-08-11T02:32:55.999138] 
===== GRAFO DE RUTAS =====
[2025-08-11T02:32:55.999138] Ciudad: 8500 - Viedma

Ciudad: 9410 - Ushuaia

Ciudad: 5400 - San Juan

Ciudad: 3500 - Resistencia

Ciudad: 2000 - Rosario

Ciudad: 2900 - San Nicolás

Ciudad: 4700 - Catamarca

Ciudad: 3600 - Formosa

Ciudad: 9000 - Comodoro Rivadavia

Ciudad: 4200 - Santiago del Estero

Ciudad: 3400 - Corrientes

Ciudad: 7000 - Tandil

Ciudad: 5700 - San Luis

Ciudad: 8324 - Cipolletti

Ciudad: 1900 - La Plata

Ciudad: 3300 - Posadas

Ciudad: 5600 - San Rafael

Ciudad: 4600 - San Salvador de Jujuy

Ciudad: 8000 - Bahía Blanca

Ciudad: 3100 - Paraná

Ciudad: 5300 - La Rioja

Ciudad: 1000 - Buenos Aires

Ciudad: 5000 - Córdoba

Ciudad: 3000 - Santa Fe

Ciudad: 7600 - Mar del Plata

Ciudad: 4000 - San Miguel de Tucumán

Ciudad: 8300 - Neuquén

Ciudad: 4400 - Salta

Ciudad: 5500 - Mendoza

Ciudad: 9400 - Río Gallegos


[2025-08-11T02:32:55.999138] ==================================================
[2025-08-11T02:32:55.999138] 
===== CLIENTES =====
[2025-08-11T02:32:55.999138] 
[2025-08-11T02:32:55.999138] ==================================================
[2025-08-11T02:32:56.0101367] CARGA INICIAL COMPLETADA
[2025-08-11T02:32:56.011139] 
===== ARBOL DE CIUDADES =====
[2025-08-11T02:32:56.011139] [Buenos Aires (1000), La Plata (1900), Rosario (2000), San Nicolás (2900), Santa Fe (3000), Paraná (3100), Posadas (3300), Corrientes (3400), Resistencia (3500), Formosa (3600), San Miguel de Tucumán (4000), Santiago del Estero (4200), Salta (4400), San Salvador de Jujuy (4600), Catamarca (4700), Córdoba (5000), La Rioja (5300), San Juan (5400), Mendoza (5500), San Rafael (5600), San Luis (5700), Tandil (7000), Mar del Plata (7600), Bahía Blanca (8000), Neuquén (8300), Cipolletti (8324), Viedma (8500), Comodoro Rivadavia (9000), Río Gallegos (9400), Ushuaia (9410)]
[2025-08-11T02:32:56.011139] ==================================================
[2025-08-11T02:32:56.0121391] 
===== GRAFO DE RUTAS =====
[2025-08-11T02:32:56.0121391] Ciudad: 8500 - Viedma
  -> 8324 (98.0 km)
  -> 7600 (602.0 km)

Ciudad: 9410 - Ushuaia
  -> 9000 (869.0 km)

Ciudad: 5400 - San Juan
  -> 5000 (626.0 km)
  -> 5600 (234.0 km)
  -> 5300 (431.0 km)

Ciudad: 3500 - Resistencia
  -> 3400 (329.0 km)
  -> 3000 (304.0 km)

Ciudad: 2000 - Rosario
  -> 3000 (164.0 km)
  -> 1900 (481.0 km)
  -> 5000 (392.0 km)

Ciudad: 2900 - San Nicolás
  -> 1000 (241.0 km)
  -> 1900 (243.0 km)

Ciudad: 4700 - Catamarca
  -> 4200 (236.0 km)

Ciudad: 3600 - Formosa
  -> 3300 (360.0 km)
  -> 3400 (204.0 km)

Ciudad: 9000 - Comodoro Rivadavia
  -> 8300 (1083.0 km)
  -> 9410 (869.0 km)

Ciudad: 4200 - Santiago del Estero
  -> 4400 (325.0 km)
  -> 4700 (236.0 km)
  -> 4000 (163.0 km)

Ciudad: 3400 - Corrientes
  -> 3500 (329.0 km)
  -> 3600 (204.0 km)
  -> 3300 (812.0 km)

Ciudad: 7000 - Tandil
  -> 1900 (360.0 km)
  -> 7600 (182.0 km)
  -> 8000 (301.0 km)

Ciudad: 5700 - San Luis
  -> 5500 (621.0 km)
  -> 5000 (431.0 km)

Ciudad: 8324 - Cipolletti
  -> 8500 (98.0 km)
  -> 8300 (11.0 km)

Ciudad: 1900 - La Plata
  -> 7000 (360.0 km)
  -> 8000 (741.0 km)
  -> 2000 (481.0 km)
  -> 2900 (243.0 km)
  -> 1000 (60.0 km)

Ciudad: 3300 - Posadas
  -> 3600 (360.0 km)
  -> 3400 (812.0 km)

Ciudad: 5600 - San Rafael
  -> 5400 (234.0 km)

Ciudad: 4600 - San Salvador de Jujuy
  -> 4000 (292.0 km)

Ciudad: 8000 - Bahía Blanca
  -> 1900 (741.0 km)
  -> 7000 (301.0 km)
  -> 7600 (402.0 km)

Ciudad: 3100 - Paraná
  -> 3000 (30.0 km)

Ciudad: 5300 - La Rioja
  -> 5000 (433.0 km)
  -> 5400 (431.0 km)

Ciudad: 1000 - Buenos Aires
  -> 2900 (241.0 km)
  -> 5000 (711.0 km)
  -> 7600 (404.0 km)
  -> 1900 (60.0 km)

Ciudad: 5000 - Córdoba
  -> 5400 (626.0 km)
  -> 5300 (433.0 km)
  -> 4000 (532.0 km)
  -> 1000 (711.0 km)
  -> 5700 (431.0 km)
  -> 5500 (606.0 km)
  -> 2000 (392.0 km)

Ciudad: 3000 - Santa Fe
  -> 2000 (164.0 km)
  -> 3500 (304.0 km)
  -> 3100 (30.0 km)

Ciudad: 7600 - Mar del Plata
  -> 7000 (182.0 km)
  -> 8500 (602.0 km)
  -> 1000 (404.0 km)
  -> 8000 (402.0 km)

Ciudad: 4000 - San Miguel de Tucumán
  -> 4400 (304.0 km)
  -> 5000 (532.0 km)
  -> 4600 (292.0 km)
  -> 4200 (163.0 km)

Ciudad: 8300 - Neuquén
  -> 9000 (1083.0 km)
  -> 5500 (1056.0 km)
  -> 8324 (11.0 km)

Ciudad: 4400 - Salta
  -> 4200 (325.0 km)
  -> 4000 (304.0 km)

Ciudad: 5500 - Mendoza
  -> 5700 (621.0 km)
  -> 8300 (1056.0 km)
  -> 5000 (606.0 km)

Ciudad: 9400 - Río Gallegos


[2025-08-11T02:32:56.0121391] ==================================================
[2025-08-11T02:32:56.013141] 
===== CLIENTES =====
[2025-08-11T02:32:56.013141] Clave: PAS:CD784512 | Nombre: SOFIA BEATRIZ GONZALEZ | Tel: 280-4567123
Clave: DNI:38679012 | Nombre: FACUNDO NICOLAS ROMERO | Tel: 387-6234567
Clave: DNI:40178945 | Nombre: DANIELA MICAELA RIOS | Tel: 379-5789123
Clave: DNI:15678923 | Nombre: PEDRO MIGUEL FERNANDEZ | Tel: 381-5123456
Clave: PAS:EF345678 | Nombre: CAMILA AYLEN TORRES | Tel: 11-57893412
Clave: DNI:31234567 | Nombre: PAULA ANDREA ACOSTA | Tel: 341-5678901
Clave: DNI:40561239 | Nombre: LUCIANO JOSE PEREZ | Tel: 221-6789054
Clave: PAS:IJ567890 | Nombre: LORENA ELIZABETH ORTIZ | Tel: 280-5123678
Clave: DNI:29457812 | Nombre: NATALIA SOLEDAD MORALES | Tel: 260-4891237
Clave: DNI:28945612 | Nombre: GASTON HERNAN MEDINA | Tel: 381-6237890
Clave: DNI:28901543 | Nombre: MARIA FLORENCIA LOPEZ | Tel: 11-43217890
Clave: DNI:27894561 | Nombre: VALENTINA ROCIO SANCHEZ | Tel: 379-4895678
Clave: DNI:29456178 | Nombre: MARTIN ARIEL ALVAREZ | Tel: 260-4561238
Clave: PAS:GH456789 | Nombre: DIEGO ALEJANDRO FLORES | Tel: 299-6789451
Clave: PAS:AB982345 | Nombre: JUAN PABLO MARTINEZ | Tel: 299-5067890
Clave: DNI:40123876 | Nombre: CARLOS ALBERTO GOMEZ | Tel: 351-6894521
Clave: PAS:KL678901 | Nombre: JOAQUIN TOMAS SUAREZ | Tel: 387-6345789
Clave: DNI:33456789 | Nombre: ANA LAURA RODRIGUEZ | Tel: 341-4891234
Clave: DNI:40123456 | Nombre: LAURA CAROLINA DIAZ | Tel: 351-7890123
Clave: DNI:33456712 | Nombre: MAURO SEBASTIAN CASTRO | Tel: 221-4895673

[2025-08-11T02:32:56.013141] ==================================================
[2025-08-11T02:32:57.7281108] FIN DEL SISTEMA
[2025-08-11T02:46:25.1404287] INICIO DEL SISTEMA
[2025-08-11T02:46:28.7270953] FIN DEL SISTEMA
[2025-08-11T02:52:18.9563775] INICIO DEL SISTEMA
[2025-08-11T02:52:21.1814405] CARGA INICIAL COMPLETADA
[2025-08-11T02:52:21.188442] 
===== ARBOL DE CIUDADES =====
[2025-08-11T02:52:21.188442] []
[2025-08-11T02:52:21.188442] ==================================================
[2025-08-11T02:52:21.188442] 
===== GRAFO DE RUTAS =====
[2025-08-11T02:52:21.188442] 
[2025-08-11T02:52:21.188442] ==================================================
[2025-08-11T02:52:21.188442] 
===== CLIENTES =====
[2025-08-11T02:52:21.188442] 
[2025-08-11T02:52:21.188442] ==================================================
[2025-08-11T02:52:21.1934427] CARGA INICIAL COMPLETADA
[2025-08-11T02:52:21.1934427] 
===== ARBOL DE CIUDADES =====
[2025-08-11T02:52:21.1934427] []
[2025-08-11T02:52:21.1934427] ==================================================
[2025-08-11T02:52:21.1934427] 
===== GRAFO DE RUTAS =====
[2025-08-11T02:52:21.1934427] 
[2025-08-11T02:52:21.1934427] ==================================================
[2025-08-11T02:52:21.1934427] 
===== CLIENTES =====
[2025-08-11T02:52:21.1934427] 
[2025-08-11T02:52:21.1934427] ==================================================
[2025-08-11T02:52:39.9554302] FIN DEL SISTEMA
[2025-08-11T02:54:25.2222614] INICIO DEL SISTEMA
[2025-08-11T02:54:57.4243516] FIN DEL SISTEMA
[2025-08-11T02:55:03.9156199] INICIO DEL SISTEMA
[2025-08-11T02:55:23.8291858] Se creó cliente: 1:0
[2025-08-11T02:55:30.1296434] CARGA INICIAL COMPLETADA
[2025-08-11T02:55:30.1336336] 
===== ARBOL DE CIUDADES =====
[2025-08-11T02:55:30.1336336] []
[2025-08-11T02:55:30.1336336] ==================================================
[2025-08-11T02:55:30.1336336] 
===== GRAFO DE RUTAS =====
[2025-08-11T02:55:30.1336336] 
[2025-08-11T02:55:30.1336336] ==================================================
[2025-08-11T02:55:30.1336336] 
===== CLIENTES =====
[2025-08-11T02:55:30.1336336] Clave: 1:0 | Nombre: 1 1 | Tel: 1

[2025-08-11T02:55:30.1336336] ==================================================
[2025-08-11T02:55:30.1376324] CARGA INICIAL COMPLETADA
[2025-08-11T02:55:30.1376324] 
===== ARBOL DE CIUDADES =====
[2025-08-11T02:55:30.1386326] []
[2025-08-11T02:55:30.1386326] ==================================================
[2025-08-11T02:55:30.1386326] 
===== GRAFO DE RUTAS =====
[2025-08-11T02:55:30.1386326] 
[2025-08-11T02:55:30.1386326] ==================================================
[2025-08-11T02:55:30.1386326] 
===== CLIENTES =====
[2025-08-11T02:55:30.1386326] Clave: 1:0 | Nombre: 1 1 | Tel: 1
Clave: PAS:CD784512 | Nombre: SOFIA BEATRIZ GONZALEZ | Tel: 280-4567123
Clave: DNI:38679012 | Nombre: FACUNDO NICOLAS ROMERO | Tel: 387-6234567
Clave: DNI:40178945 | Nombre: DANIELA MICAELA RIOS | Tel: 379-5789123
Clave: DNI:15678923 | Nombre: PEDRO MIGUEL FERNANDEZ | Tel: 381-5123456
Clave: PAS:EF345678 | Nombre: CAMILA AYLEN TORRES | Tel: 11-57893412
Clave: DNI:31234567 | Nombre: PAULA ANDREA ACOSTA | Tel: 341-5678901
Clave: DNI:40561239 | Nombre: LUCIANO JOSE PEREZ | Tel: 221-6789054
Clave: PAS:IJ567890 | Nombre: LORENA ELIZABETH ORTIZ | Tel: 280-5123678
Clave: DNI:29457812 | Nombre: NATALIA SOLEDAD MORALES | Tel: 260-4891237
Clave: DNI:28945612 | Nombre: GASTON HERNAN MEDINA | Tel: 381-6237890
Clave: DNI:28901543 | Nombre: MARIA FLORENCIA LOPEZ | Tel: 11-43217890
Clave: DNI:27894561 | Nombre: VALENTINA ROCIO SANCHEZ | Tel: 379-4895678
Clave: DNI:29456178 | Nombre: MARTIN ARIEL ALVAREZ | Tel: 260-4561238
Clave: PAS:GH456789 | Nombre: DIEGO ALEJANDRO FLORES | Tel: 299-6789451
Clave: PAS:AB982345 | Nombre: JUAN PABLO MARTINEZ | Tel: 299-5067890
Clave: DNI:40123876 | Nombre: CARLOS ALBERTO GOMEZ | Tel: 351-6894521
Clave: PAS:KL678901 | Nombre: JOAQUIN TOMAS SUAREZ | Tel: 387-6345789
Clave: DNI:33456789 | Nombre: ANA LAURA RODRIGUEZ | Tel: 341-4891234
Clave: DNI:40123456 | Nombre: LAURA CAROLINA DIAZ | Tel: 351-7890123
Clave: DNI:33456712 | Nombre: MAURO SEBASTIAN CASTRO | Tel: 221-4895673

[2025-08-11T02:55:30.1386326] ==================================================
[2025-08-11T02:55:38.0003302] FIN DEL SISTEMA
[2025-08-11T02:57:52.0900056] INICIO DEL SISTEMA
[2025-08-11T02:57:54.5496901] FIN DEL SISTEMA
[2025-08-11T02:58:33.4335084] INICIO DEL SISTEMA
[2025-08-11T02:58:35.5491943] CARGA INICIAL COMPLETADA
[2025-08-11T02:58:35.5561938] 
===== ARBOL DE CIUDADES =====
[2025-08-11T02:58:35.5561938] [Buenos Aires (1000), La Plata (1900), Rosario (2000), San Nicolás (2900), Santa Fe (3000), Paraná (3100), Posadas (3300), Corrientes (3400), Resistencia (3500), Formosa (3600), San Miguel de Tucumán (4000), Santiago del Estero (4200), Salta (4400), San Salvador de Jujuy (4600), Catamarca (4700), Córdoba (5000), La Rioja (5300), San Juan (5400), Mendoza (5500), San Rafael (5600), San Luis (5700), Tandil (7000), Mar del Plata (7600), Bahía Blanca (8000), Neuquén (8300), Cipolletti (8324), Viedma (8500), Comodoro Rivadavia (9000), Río Gallegos (9400), Ushuaia (9410)]
[2025-08-11T02:58:35.5571937] ==================================================
[2025-08-11T02:58:35.5571937] 
===== GRAFO DE RUTAS =====
[2025-08-11T02:58:35.5571937] Ciudad: 8500 - Viedma

Ciudad: 9410 - Ushuaia

Ciudad: 5400 - San Juan

Ciudad: 3500 - Resistencia

Ciudad: 2000 - Rosario

Ciudad: 2900 - San Nicolás

Ciudad: 4700 - Catamarca

Ciudad: 3600 - Formosa

Ciudad: 9000 - Comodoro Rivadavia

Ciudad: 4200 - Santiago del Estero

Ciudad: 3400 - Corrientes

Ciudad: 7000 - Tandil

Ciudad: 5700 - San Luis

Ciudad: 8324 - Cipolletti

Ciudad: 1900 - La Plata

Ciudad: 3300 - Posadas

Ciudad: 5600 - San Rafael

Ciudad: 4600 - San Salvador de Jujuy

Ciudad: 8000 - Bahía Blanca

Ciudad: 3100 - Paraná

Ciudad: 5300 - La Rioja

Ciudad: 1000 - Buenos Aires

Ciudad: 5000 - Córdoba

Ciudad: 3000 - Santa Fe

Ciudad: 7600 - Mar del Plata

Ciudad: 4000 - San Miguel de Tucumán

Ciudad: 8300 - Neuquén

Ciudad: 4400 - Salta

Ciudad: 5500 - Mendoza

Ciudad: 9400 - Río Gallegos


[2025-08-11T02:58:35.5571937] ==================================================
[2025-08-11T02:58:35.5581927] 
===== CLIENTES =====
[2025-08-11T02:58:35.5581927] 
[2025-08-11T02:58:35.5581927] ==================================================
[2025-08-11T02:58:35.5681968] CARGA INICIAL COMPLETADA
[2025-08-11T02:58:35.5681968] 
===== ARBOL DE CIUDADES =====
[2025-08-11T02:58:35.5681968] [Buenos Aires (1000), La Plata (1900), Rosario (2000), San Nicolás (2900), Santa Fe (3000), Paraná (3100), Posadas (3300), Corrientes (3400), Resistencia (3500), Formosa (3600), San Miguel de Tucumán (4000), Santiago del Estero (4200), Salta (4400), San Salvador de Jujuy (4600), Catamarca (4700), Córdoba (5000), La Rioja (5300), San Juan (5400), Mendoza (5500), San Rafael (5600), San Luis (5700), Tandil (7000), Mar del Plata (7600), Bahía Blanca (8000), Neuquén (8300), Cipolletti (8324), Viedma (8500), Comodoro Rivadavia (9000), Río Gallegos (9400), Ushuaia (9410)]
[2025-08-11T02:58:35.5681968] ==================================================
[2025-08-11T02:58:35.5691936] 
===== GRAFO DE RUTAS =====
[2025-08-11T02:58:35.5691936] Ciudad: 8500 - Viedma
  -> 8324 (98.0 km)
  -> 7600 (602.0 km)

Ciudad: 9410 - Ushuaia
  -> 9000 (869.0 km)

Ciudad: 5400 - San Juan
  -> 5000 (626.0 km)
  -> 5600 (234.0 km)
  -> 5300 (431.0 km)

Ciudad: 3500 - Resistencia
  -> 3400 (329.0 km)
  -> 3000 (304.0 km)

Ciudad: 2000 - Rosario
  -> 3000 (164.0 km)
  -> 1900 (481.0 km)
  -> 5000 (392.0 km)

Ciudad: 2900 - San Nicolás
  -> 1000 (241.0 km)
  -> 1900 (243.0 km)

Ciudad: 4700 - Catamarca
  -> 4200 (236.0 km)

Ciudad: 3600 - Formosa
  -> 3300 (360.0 km)
  -> 3400 (204.0 km)

Ciudad: 9000 - Comodoro Rivadavia
  -> 8300 (1083.0 km)
  -> 9410 (869.0 km)

Ciudad: 4200 - Santiago del Estero
  -> 4400 (325.0 km)
  -> 4700 (236.0 km)
  -> 4000 (163.0 km)

Ciudad: 3400 - Corrientes
  -> 3500 (329.0 km)
  -> 3600 (204.0 km)
  -> 3300 (812.0 km)

Ciudad: 7000 - Tandil
  -> 1900 (360.0 km)
  -> 7600 (182.0 km)
  -> 8000 (301.0 km)

Ciudad: 5700 - San Luis
  -> 5500 (621.0 km)
  -> 5000 (431.0 km)

Ciudad: 8324 - Cipolletti
  -> 8500 (98.0 km)
  -> 8300 (11.0 km)

Ciudad: 1900 - La Plata
  -> 7000 (360.0 km)
  -> 8000 (741.0 km)
  -> 2000 (481.0 km)
  -> 2900 (243.0 km)
  -> 1000 (60.0 km)

Ciudad: 3300 - Posadas
  -> 3600 (360.0 km)
  -> 3400 (812.0 km)

Ciudad: 5600 - San Rafael
  -> 5400 (234.0 km)

Ciudad: 4600 - San Salvador de Jujuy
  -> 4000 (292.0 km)

Ciudad: 8000 - Bahía Blanca
  -> 1900 (741.0 km)
  -> 7000 (301.0 km)
  -> 7600 (402.0 km)

Ciudad: 3100 - Paraná
  -> 3000 (30.0 km)

Ciudad: 5300 - La Rioja
  -> 5000 (433.0 km)
  -> 5400 (431.0 km)

Ciudad: 1000 - Buenos Aires
  -> 2900 (241.0 km)
  -> 5000 (711.0 km)
  -> 7600 (404.0 km)
  -> 1900 (60.0 km)

Ciudad: 5000 - Córdoba
  -> 5400 (626.0 km)
  -> 5300 (433.0 km)
  -> 4000 (532.0 km)
  -> 1000 (711.0 km)
  -> 5700 (431.0 km)
  -> 5500 (606.0 km)
  -> 2000 (392.0 km)

Ciudad: 3000 - Santa Fe
  -> 2000 (164.0 km)
  -> 3500 (304.0 km)
  -> 3100 (30.0 km)

Ciudad: 7600 - Mar del Plata
  -> 7000 (182.0 km)
  -> 8500 (602.0 km)
  -> 1000 (404.0 km)
  -> 8000 (402.0 km)

Ciudad: 4000 - San Miguel de Tucumán
  -> 4400 (304.0 km)
  -> 5000 (532.0 km)
  -> 4600 (292.0 km)
  -> 4200 (163.0 km)

Ciudad: 8300 - Neuquén
  -> 9000 (1083.0 km)
  -> 5500 (1056.0 km)
  -> 8324 (11.0 km)

Ciudad: 4400 - Salta
  -> 4200 (325.0 km)
  -> 4000 (304.0 km)

Ciudad: 5500 - Mendoza
  -> 5700 (621.0 km)
  -> 8300 (1056.0 km)
  -> 5000 (606.0 km)

Ciudad: 9400 - Río Gallegos


[2025-08-11T02:58:35.5701965] ==================================================
[2025-08-11T02:58:35.5711951] 
===== CLIENTES =====
[2025-08-11T02:58:35.5711951] Clave: PAS:CD784512 | Nombre: SOFIA BEATRIZ GONZALEZ | Tel: 280-4567123
Clave: DNI:38679012 | Nombre: FACUNDO NICOLAS ROMERO | Tel: 387-6234567
Clave: DNI:40178945 | Nombre: DANIELA MICAELA RIOS | Tel: 379-5789123
Clave: DNI:15678923 | Nombre: PEDRO MIGUEL FERNANDEZ | Tel: 381-5123456
Clave: PAS:EF345678 | Nombre: CAMILA AYLEN TORRES | Tel: 11-57893412
Clave: DNI:31234567 | Nombre: PAULA ANDREA ACOSTA | Tel: 341-5678901
Clave: DNI:40561239 | Nombre: LUCIANO JOSE PEREZ | Tel: 221-6789054
Clave: PAS:IJ567890 | Nombre: LORENA ELIZABETH ORTIZ | Tel: 280-5123678
Clave: DNI:29457812 | Nombre: NATALIA SOLEDAD MORALES | Tel: 260-4891237
Clave: DNI:28945612 | Nombre: GASTON HERNAN MEDINA | Tel: 381-6237890
Clave: DNI:28901543 | Nombre: MARIA FLORENCIA LOPEZ | Tel: 11-43217890
Clave: DNI:27894561 | Nombre: VALENTINA ROCIO SANCHEZ | Tel: 379-4895678
Clave: DNI:29456178 | Nombre: MARTIN ARIEL ALVAREZ | Tel: 260-4561238
Clave: PAS:GH456789 | Nombre: DIEGO ALEJANDRO FLORES | Tel: 299-6789451
Clave: PAS:AB982345 | Nombre: JUAN PABLO MARTINEZ | Tel: 299-5067890
Clave: DNI:40123876 | Nombre: CARLOS ALBERTO GOMEZ | Tel: 351-6894521
Clave: PAS:KL678901 | Nombre: JOAQUIN TOMAS SUAREZ | Tel: 387-6345789
Clave: DNI:33456789 | Nombre: ANA LAURA RODRIGUEZ | Tel: 341-4891234
Clave: DNI:40123456 | Nombre: LAURA CAROLINA DIAZ | Tel: 351-7890123
Clave: DNI:33456712 | Nombre: MAURO SEBASTIAN CASTRO | Tel: 221-4895673

[2025-08-11T02:58:35.5711951] ==================================================
[2025-08-11T02:59:55.617103] FIN DEL SISTEMA
